<?xml version="1.0" encoding="UTF-8"?>
<testsuite name="uk.co.monkeypower.android.straightrazordatabase.test.ContentCleanerTest" tests="2" skipped="0" failures="0" errors="0" timestamp="2015-06-11T15:36:36" hostname="moses" time="0.037">
  <properties/>
  <testcase name="testCleanContent" classname="uk.co.monkeypower.android.straightrazordatabase.test.ContentCleanerTest" time="0.036"/>
  <testcase name="testAndroidTestCaseSetupProperly" classname="uk.co.monkeypower.android.straightrazordatabase.test.ContentCleanerTest" time="0.0"/>
  <system-out><![CDATA[]]></system-out>
  <system-err><![CDATA[]]></system-err>
</testsuite>
